<?xml version="1.0" encoding="UTF-8"?>
<testsuite name="com.aor.numbers.ListFilterTest" tests="1" skipped="0" failures="0" errors="0" timestamp="2019-03-28T09:35:40" hostname="claudia" time="0.029">
  <properties/>
  <testcase name="ListFilter" classname="com.aor.numbers.ListFilterTest" time="0.029"/>
  <system-out><![CDATA[]]></system-out>
  <system-err><![CDATA[]]></system-err>
</testsuite>
