<?xml version="1.0" encoding="UTF-8"?>
<testsuite name="com.aor.numbers.DivisibleByTest" tests="5" skipped="0" failures="0" errors="0" timestamp="2019-03-28T09:35:40" hostname="claudia" time="0.003">
  <properties/>
  <testcase name="DivisibleTest1" classname="com.aor.numbers.DivisibleByTest" time="0.0"/>
  <testcase name="DivisibleTest2" classname="com.aor.numbers.DivisibleByTest" time="0.0"/>
  <testcase name="DivisibleTest3" classname="com.aor.numbers.DivisibleByTest" time="0.001"/>
  <testcase name="DivisibleTest4" classname="com.aor.numbers.DivisibleByTest" time="0.0"/>
  <testcase name="DivisibleTest5" classname="com.aor.numbers.DivisibleByTest" time="0.0"/>
  <system-out><![CDATA[]]></system-out>
  <system-err><![CDATA[]]></system-err>
</testsuite>
