<?xml version="1.0" encoding="UTF-8"?>
<testsuite name="com.aor.numbers.ListAggregatorTest" tests="6" skipped="0" failures="0" errors="0" timestamp="2019-03-28T09:35:40" hostname="claudia" time="0.46">
  <properties/>
  <testcase name="max" classname="com.aor.numbers.ListAggregatorTest" time="0.45"/>
  <testcase name="min" classname="com.aor.numbers.ListAggregatorTest" time="0.001"/>
  <testcase name="sum" classname="com.aor.numbers.ListAggregatorTest" time="0.001"/>
  <testcase name="distinctFail" classname="com.aor.numbers.ListAggregatorTest" time="0.004"/>
  <testcase name="distinct" classname="com.aor.numbers.ListAggregatorTest" time="0.001"/>
  <testcase name="maxFail" classname="com.aor.numbers.ListAggregatorTest" time="0.001"/>
  <system-out><![CDATA[]]></system-out>
  <system-err><![CDATA[]]></system-err>
</testsuite>
